nohup: ignoring input
Development environment detected. Using local SQLite database...
Testing database connection... (attempt 1/3)
✅ Database connection successful
Setting up database...
Seeding default roles and permissions...
Seeding inventory items...
✅ Database setup complete!
🔗 Connection info: SQLite (Development)
Running scheduled job: checking for overdue shipments...
Running scheduled job: updating client partner tiers...
Running scheduled job: cleaning up expired failure photos...
Running scheduled job: cleaning up expired payout evidence...
node:events:496
      throw er; // Unhandled 'error' event
      ^

Error: listen EADDRINUSE: address already in use 0.0.0.0:8080
    at Server.setupListenHandle [as _listen2] (node:net:1939:16)
    at listenInCluster (node:net:1996:12)
    at node:net:2205:7
    at process.processTicksAndRejections (node:internal/process/task_queues:90:21)
Emitted 'error' event on Server instance at:
    at emitErrorNT (node:net:1975:8)
    at process.processTicksAndRejections (node:internal/process/task_queues:90:21) {
  code: 'EADDRINUSE',
  errno: -4091,
  syscall: 'listen',
  address: '0.0.0.0',
  port: 8080
}

Node.js v22.16.0
